<?xml version="1.0" encoding="UTF-8"?>
<!-- Generated by org.testng.reporters.JUnitReportReporter -->
<testsuite hostname="Arjun" failures="0" tests="3" name="com.POD.mainTestNG" time="5.445" errors="1" timestamp="2021-04-24T17:45:18 IST" skipped="2">
  <testcase classname="com.POD.mainTestNG" name="launchBrowser" time="5.445">
    <error message="session not created: This version of ChromeDriver only supports Chrome version 81
Build info: version: &#039;3.141.59&#039;, revision: &#039;e82be7d358&#039;, time: &#039;2018-11-14T08:17:03&#039;
System info: host: &#039;ARJUN&#039;, ip: &#039;192.168.1.100&#039;, os.name: &#039;Windows 10&#039;, os.arch: &#039;amd64&#039;, os.version: &#039;10.0&#039;, java.version: &#039;13.0.2&#039;
Driver info: driver.version: ChromeDriver
remote stacktrace: Backtrace:
	Ordinal0 [0x00905F73+2449267]
	Ordinal0 [0x00838361+1606497]
	Ordinal0 [0x0072F969+522601]
	Ordinal0 [0x006C05F3+67059]
	Ordinal0 [0x006BCD92+52626]
	Ordinal0 [0x006DC127+180519]
	Ordinal0 [0x006DBF2D+180013]
	Ordinal0 [0x006D9E5B+171611]
	Ordinal0 [0x006C1DD8+73176]
	Ordinal0 [0x006C2E50+77392]
	Ordinal0 [0x006C2DE9+77289]
	Ordinal0 [0x0084D8D7+1693911]
	GetHandleVerifier [0x009A4036+522726]
	GetHandleVerifier [0x009A3D74+522020]
	GetHandleVerifier [0x009B9187+609079]
	GetHandleVerifier [0x009A48A6+524886]
	Ordinal0 [0x00845CBC+1662140]
	Ordinal0 [0x0084F23B+1700411]
	Ordinal0 [0x0084F3A3+1700771]
	Ordinal0 [0x00865215+1790485]
	BaseThreadInitThunk [0x7799FA29+25]
	RtlGetAppContainerNamedObjectPath [0x77AE7C7E+286]
	RtlGetAppContainerNamedObjectPath [0x77AE7C4E+238]
" type="org.openqa.selenium.SessionNotCreatedException">
      <![CDATA[org.openqa.selenium.SessionNotCreatedException: session not created: This version of ChromeDriver only supports Chrome version 81
Build info: version: '3.141.59', revision: 'e82be7d358', time: '2018-11-14T08:17:03'
System info: host: 'ARJUN', ip: '192.168.1.100', os.name: 'Windows 10', os.arch: 'amd64', os.version: '10.0', java.version: '13.0.2'
Driver info: driver.version: ChromeDriver
remote stacktrace: Backtrace:
Ordinal0 [0x00905F73+2449267]
Ordinal0 [0x00838361+1606497]
Ordinal0 [0x0072F969+522601]
Ordinal0 [0x006C05F3+67059]
Ordinal0 [0x006BCD92+52626]
Ordinal0 [0x006DC127+180519]
Ordinal0 [0x006DBF2D+180013]
Ordinal0 [0x006D9E5B+171611]
Ordinal0 [0x006C1DD8+73176]
Ordinal0 [0x006C2E50+77392]
Ordinal0 [0x006C2DE9+77289]
Ordinal0 [0x0084D8D7+1693911]
GetHandleVerifier [0x009A4036+522726]
GetHandleVerifier [0x009A3D74+522020]
GetHandleVerifier [0x009B9187+609079]
GetHandleVerifier [0x009A48A6+524886]
Ordinal0 [0x00845CBC+1662140]
Ordinal0 [0x0084F23B+1700411]
Ordinal0 [0x0084F3A3+1700771]
Ordinal0 [0x00865215+1790485]
BaseThreadInitThunk [0x7799FA29+25]
RtlGetAppContainerNamedObjectPath [0x77AE7C7E+286]
RtlGetAppContainerNamedObjectPath [0x77AE7C4E+238]

at java.base/jdk.internal.reflect.NativeConstructorAccessorImpl.newInstance0(Native Method)
at java.base/jdk.internal.reflect.NativeConstructorAccessorImpl.newInstance(NativeConstructorAccessorImpl.java:62)
at java.base/jdk.internal.reflect.DelegatingConstructorAccessorImpl.newInstance(DelegatingConstructorAccessorImpl.java:45)
at java.base/java.lang.reflect.Constructor.newInstanceWithCaller(Constructor.java:500)
at java.base/java.lang.reflect.Constructor.newInstance(Constructor.java:481)
at org.openqa.selenium.remote.W3CHandshakeResponse.lambda$errorHandler$0(W3CHandshakeResponse.java:62)
at org.openqa.selenium.remote.HandshakeResponse.lambda$getResponseFunction$0(HandshakeResponse.java:30)
at org.openqa.selenium.remote.ProtocolHandshake.lambda$createSession$0(ProtocolHandshake.java:126)
at java.base/java.util.stream.ReferencePipeline$3$1.accept(ReferencePipeline.java:195)
at java.base/java.util.Spliterators$ArraySpliterator.tryAdvance(Spliterators.java:958)
at java.base/java.util.stream.ReferencePipeline.forEachWithCancel(ReferencePipeline.java:127)
at java.base/java.util.stream.AbstractPipeline.copyIntoWithCancel(AbstractPipeline.java:502)
at java.base/java.util.stream.AbstractPipeline.copyInto(AbstractPipeline.java:488)
at java.base/java.util.stream.AbstractPipeline.wrapAndCopyInto(AbstractPipeline.java:474)
at java.base/java.util.stream.FindOps$FindOp.evaluateSequential(FindOps.java:150)
at java.base/java.util.stream.AbstractPipeline.evaluate(AbstractPipeline.java:234)
at java.base/java.util.stream.ReferencePipeline.findFirst(ReferencePipeline.java:543)
at org.openqa.selenium.remote.ProtocolHandshake.createSession(ProtocolHandshake.java:128)
at org.openqa.selenium.remote.ProtocolHandshake.createSession(ProtocolHandshake.java:74)
at org.openqa.selenium.remote.HttpCommandExecutor.execute(HttpCommandExecutor.java:136)
at org.openqa.selenium.remote.service.DriverCommandExecutor.execute(DriverCommandExecutor.java:83)
at org.openqa.selenium.remote.RemoteWebDriver.execute(RemoteWebDriver.java:552)
at org.openqa.selenium.remote.RemoteWebDriver.startSession(RemoteWebDriver.java:213)
at org.openqa.selenium.remote.RemoteWebDriver.<init>(RemoteWebDriver.java:131)
at org.openqa.selenium.chrome.ChromeDriver.<init>(ChromeDriver.java:181)
at org.openqa.selenium.chrome.ChromeDriver.<init>(ChromeDriver.java:168)
at org.openqa.selenium.chrome.ChromeDriver.<init>(ChromeDriver.java:123)
at com.POD.mainTestNG.launchBrowser(mainTestNG.java:28)
at java.base/jdk.internal.reflect.NativeMethodAccessorImpl.invoke0(Native Method)
at java.base/jdk.internal.reflect.NativeMethodAccessorImpl.invoke(NativeMethodAccessorImpl.java:62)
at java.base/jdk.internal.reflect.DelegatingMethodAccessorImpl.invoke(DelegatingMethodAccessorImpl.java:43)
at java.base/java.lang.reflect.Method.invoke(Method.java:567)
at org.testng.internal.MethodInvocationHelper.invokeMethod(MethodInvocationHelper.java:132)
at org.testng.internal.MethodInvocationHelper.invokeMethodConsideringTimeout(MethodInvocationHelper.java:61)
at org.testng.internal.ConfigInvoker.invokeConfigurationMethod(ConfigInvoker.java:366)
at org.testng.internal.ConfigInvoker.invokeConfigurations(ConfigInvoker.java:320)
at org.testng.internal.TestMethodWorker.invokeBeforeClassMethods(TestMethodWorker.java:176)
at org.testng.internal.TestMethodWorker.run(TestMethodWorker.java:122)
at java.base/java.util.ArrayList.forEach(ArrayList.java:1507)
at org.testng.TestRunner.privateRun(TestRunner.java:764)
at org.testng.TestRunner.run(TestRunner.java:585)
at org.testng.SuiteRunner.runTest(SuiteRunner.java:384)
at org.testng.SuiteRunner.runSequentially(SuiteRunner.java:378)
at org.testng.SuiteRunner.privateRun(SuiteRunner.java:337)
at org.testng.SuiteRunner.run(SuiteRunner.java:286)
at org.testng.SuiteRunnerWorker.runSuite(SuiteRunnerWorker.java:53)
at org.testng.SuiteRunnerWorker.run(SuiteRunnerWorker.java:96)
at org.testng.TestNG.runSuitesSequentially(TestNG.java:1218)
at org.testng.TestNG.runSuitesLocally(TestNG.java:1140)
at org.testng.TestNG.runSuites(TestNG.java:1069)
at org.testng.TestNG.run(TestNG.java:1037)
at org.testng.remote.AbstractRemoteTestNG.run(AbstractRemoteTestNG.java:115)
at org.testng.remote.RemoteTestNG.initAndRun(RemoteTestNG.java:251)
at org.testng.remote.RemoteTestNG.main(RemoteTestNG.java:77)
]]>
    </error>
  </testcase> <!-- launchBrowser -->
  <system-out/>
  <testcase classname="com.POD.mainTestNG" name="SignUp" time="0.000">
    <skipped/>
  </testcase> <!-- SignUp -->
  <system-out/>
  <testcase classname="com.POD.mainTestNG" name="SearchItem" time="0.000">
    <skipped/>
  </testcase> <!-- SearchItem -->
  <system-out/>
</testsuite> <!-- com.POD.mainTestNG -->
